<?xml version="1.0" encoding="UTF-8"?>
<!-- Generated by org.testng.reporters.JUnitReportReporter -->
<testsuite hostname="MyPC" failures="0" tests="1" name="Myclass$Testngdemo" time="0.012" errors="0" timestamp="2021-01-20T19:59:50 IST" skipped="0">
  <testcase classname="Myclass$Testngdemo" name="maintest" time="0.012"/>
  <system-out/>
</testsuite> <!-- Myclass$Testngdemo -->
