<?xml version="1.0" encoding="UTF-8"?>
<!-- Generated by org.testng.reporters.JUnitReportReporter -->
<testsuite hostname="MyPC" failures="0" tests="3" name="Ui.Testgoogle_search1" time="8.240" errors="0" timestamp="2021-01-22T23:15:51 IST" skipped="0">
  <testcase classname="Ui.Testgoogle_search1" name="test3" time="0.098"/>
  <system-out/>
  <testcase classname="Ui.Testgoogle_search1" name="test1" time="7.560"/>
  <system-out/>
  <testcase classname="Ui.Testgoogle_search1" name="test2" time="0.582"/>
  <system-out/>
</testsuite> <!-- Ui.Testgoogle_search1 -->
