<?xml version="1.0" encoding="UTF-8"?>
<!-- Generated by org.testng.reporters.JUnitReportReporter -->
<testsuite hostname="MyPC" failures="0" tests="1" name="Theclass" time="15.931" errors="0" timestamp="2021-01-21T15:11:05 IST" skipped="0">
  <testcase classname="Theclass" name="test1" time="15.931"/>
  <system-out/>
</testsuite> <!-- Theclass -->
